<?xml version="1.0" encoding="UTF-8"?>
<coverage generated="1779750217202" clover="3.2.0">
  <project timestamp="1779750217203" name="All files">
    <metrics statements="136" coveredstatements="102" conditionals="69" coveredconditionals="49" methods="16" coveredmethods="11" elements="221" coveredelements="162" complexity="0" loc="136" ncloc="136" packages="1" files="1" classes="1"/>
    <file name="app.js" path="C:\Users\manue\Downloads\alura-challenge-DOM-JS\resources\script\app.js">
      <metrics statements="136" coveredstatements="102" conditionals="69" coveredconditionals="49" methods="16" coveredmethods="11"/>
      <line num="1" count="14" type="stmt"/>
      <line num="2" count="14" type="stmt"/>
      <line num="3" count="14" type="stmt"/>
      <line num="4" count="14" type="stmt"/>
      <line num="5" count="14" type="stmt"/>
      <line num="6" count="14" type="stmt"/>
      <line num="7" count="14" type="stmt"/>
      <line num="9" count="14" type="stmt"/>
      <line num="17" count="14" type="stmt"/>
      <line num="18" count="1" type="stmt"/>
      <line num="19" count="1" type="stmt"/>
      <line num="21" count="1" type="cond" truecount="1" falsecount="1"/>
      <line num="23" count="1" type="stmt"/>
      <line num="25" count="1" type="stmt"/>
      <line num="27" count="0" type="stmt"/>
      <line num="28" count="0" type="stmt"/>
      <line num="33" count="14" type="stmt"/>
      <line num="35" count="6" type="cond" truecount="4" falsecount="0"/>
      <line num="37" count="5" type="stmt"/>
      <line num="39" count="5" type="stmt"/>
      <line num="43" count="5" type="stmt"/>
      <line num="47" count="14" type="stmt"/>
      <line num="48" count="3" type="stmt"/>
      <line num="61" count="14" type="stmt"/>
      <line num="62" count="3" type="stmt"/>
      <line num="75" count="14" type="stmt"/>
      <line num="76" count="5" type="stmt"/>
      <line num="90" count="14" type="stmt"/>
      <line num="91" count="0" type="stmt"/>
      <line num="94" count="14" type="stmt"/>
      <line num="95" count="0" type="stmt"/>
      <line num="99" count="14" type="stmt"/>
      <line num="100" count="18" type="stmt"/>
      <line num="102" count="18" type="cond" truecount="2" falsecount="0"/>
      <line num="103" count="1" type="stmt"/>
      <line num="107" count="14" type="stmt"/>
      <line num="108" count="3" type="cond" truecount="2" falsecount="0"/>
      <line num="110" count="2" type="stmt"/>
      <line num="112" count="2" type="cond" truecount="2" falsecount="0"/>
      <line num="113" count="1" type="stmt"/>
      <line num="117" count="14" type="stmt"/>
      <line num="118" count="2" type="stmt"/>
      <line num="119" count="2" type="stmt"/>
      <line num="123" count="2" type="stmt"/>
      <line num="124" count="10" type="stmt"/>
      <line num="125" count="10" type="stmt"/>
      <line num="128" count="2" type="stmt"/>
      <line num="131" count="14" type="stmt"/>
      <line num="132" count="5" type="cond" truecount="2" falsecount="0"/>
      <line num="134" count="4" type="stmt"/>
      <line num="136" count="4" type="stmt"/>
      <line num="137" count="20" type="stmt"/>
      <line num="139" count="20" type="cond" truecount="2" falsecount="0"/>
      <line num="140" count="3" type="stmt"/>
      <line num="142" count="17" type="stmt"/>
      <line num="146" count="4" type="stmt"/>
      <line num="149" count="14" type="stmt"/>
      <line num="151" count="12" type="stmt"/>
      <line num="152" count="60" type="stmt"/>
      <line num="153" count="60" type="stmt"/>
      <line num="155" count="60" type="cond" truecount="2" falsecount="0"/>
      <line num="156" count="15" type="stmt"/>
      <line num="158" count="15" type="stmt"/>
      <line num="160" count="15" type="cond" truecount="2" falsecount="0"/>
      <line num="161" count="5" type="stmt"/>
      <line num="162" count="5" type="stmt"/>
      <line num="163" count="5" type="stmt"/>
      <line num="170" count="12" type="stmt"/>
      <line num="171" count="60" type="stmt"/>
      <line num="172" count="60" type="stmt"/>
      <line num="174" count="60" type="cond" truecount="2" falsecount="0"/>
      <line num="176" count="45" type="cond" truecount="4" falsecount="0"/>
      <line num="177" count="9" type="stmt"/>
      <line num="179" count="9" type="stmt"/>
      <line num="181" count="9" type="cond" truecount="4" falsecount="0"/>
      <line num="182" count="3" type="stmt"/>
      <line num="186" count="36" type="stmt"/>
      <line num="188" count="36" type="cond" truecount="4" falsecount="0"/>
      <line num="189" count="6" type="stmt"/>
      <line num="197" count="14" type="stmt"/>
      <line num="198" count="5" type="stmt"/>
      <line num="199" count="5" type="stmt"/>
      <line num="201" count="5" type="cond" truecount="1" falsecount="1"/>
      <line num="203" count="5" type="cond" truecount="5" falsecount="0"/>
      <line num="204" count="3" type="cond" truecount="1" falsecount="1"/>
      <line num="205" count="3" type="stmt"/>
      <line num="206" count="3" type="stmt"/>
      <line num="207" count="3" type="stmt"/>
      <line num="209" count="0" type="stmt"/>
      <line num="211" count="2" type="cond" truecount="1" falsecount="1"/>
      <line num="212" count="0" type="cond" truecount="0" falsecount="2"/>
      <line num="213" count="0" type="stmt"/>
      <line num="214" count="0" type="stmt"/>
      <line num="215" count="0" type="stmt"/>
      <line num="217" count="0" type="stmt"/>
      <line num="219" count="2" type="cond" truecount="1" falsecount="1"/>
      <line num="220" count="2" type="cond" truecount="1" falsecount="1"/>
      <line num="221" count="2" type="stmt"/>
      <line num="222" count="2" type="stmt"/>
      <line num="224" count="2" type="stmt"/>
      <line num="226" count="2" type="cond" truecount="2" falsecount="0"/>
      <line num="227" count="1" type="stmt"/>
      <line num="228" count="1" type="stmt"/>
      <line num="230" count="1" type="stmt"/>
      <line num="231" count="1" type="stmt"/>
      <line num="233" count="1" type="cond" truecount="1" falsecount="1"/>
      <line num="234" count="1" type="stmt"/>
      <line num="235" count="1" type="stmt"/>
      <line num="239" count="0" type="stmt"/>
      <line num="242" count="0" type="stmt"/>
      <line num="244" count="5" type="stmt"/>
      <line num="247" count="14" type="stmt"/>
      <line num="248" count="0" type="stmt"/>
      <line num="250" count="0" type="stmt"/>
      <line num="258" count="0" type="stmt"/>
      <line num="260" count="0" type="stmt"/>
      <line num="262" count="0" type="stmt"/>
      <line num="263" count="0" type="stmt"/>
      <line num="265" count="0" type="stmt"/>
      <line num="266" count="0" type="stmt"/>
      <line num="267" count="0" type="stmt"/>
      <line num="272" count="0" type="cond" truecount="0" falsecount="2"/>
      <line num="273" count="0" type="stmt"/>
      <line num="274" count="0" type="stmt"/>
      <line num="275" count="0" type="stmt"/>
      <line num="278" count="0" type="cond" truecount="0" falsecount="2"/>
      <line num="279" count="0" type="cond" truecount="0" falsecount="2"/>
      <line num="281" count="0" type="stmt"/>
      <line num="282" count="0" type="stmt"/>
      <line num="283" count="0" type="stmt"/>
      <line num="286" count="0" type="cond" truecount="0" falsecount="4"/>
      <line num="287" count="0" type="stmt"/>
      <line num="288" count="0" type="stmt"/>
      <line num="294" count="14" type="cond" truecount="3" falsecount="1"/>
      <line num="295" count="14" type="stmt"/>
      <line num="300" count="0" type="stmt"/>
    </file>
  </project>
</coverage>
