{"C:\\Users\\manue\\Downloads\\alura-challenge-DOM-JS\\resources\\script\\app.js": {"path":"C:\\Users\\manue\\Downloads\\alura-challenge-DOM-JS\\resources\\script\\app.js","statementMap":{"0":{"start":{"line":1,"column":35},"end":{"line":1,"column":63}},"1":{"start":{"line":2,"column":44},"end":{"line":2,"column":84}},"2":{"start":{"line":3,"column":34},"end":{"line":3,"column":49}},"3":{"start":{"line":4,"column":39},"end":{"line":4,"column":59}},"4":{"start":{"line":5,"column":47},"end":{"line":5,"column":85}},"5":{"start":{"line":6,"column":53},"end":{"line":6,"column":97}},"6":{"start":{"line":7,"column":39},"end":{"line":7,"column":67}},"7":{"start":{"line":9,"column":20},"end":{"line":14,"column":2}},"8":{"start":{"line":9,"column":27},"end":{"line":14,"column":1}},"9":{"start":{"line":17,"column":18},"end":{"line":30,"column":1}},"10":{"start":{"line":18,"column":4},"end":{"line":29,"column":5}},"11":{"start":{"line":19,"column":20},"end":{"line":19,"column":73}},"12":{"start":{"line":21,"column":8},"end":{"line":21,"column":70}},"13":{"start":{"line":21,"column":20},"end":{"line":21,"column":70}},"14":{"start":{"line":23,"column":22},"end":{"line":23,"column":38}},"15":{"start":{"line":25,"column":8},"end":{"line":25,"column":26}},"16":{"start":{"line":27,"column":8},"end":{"line":27,"column":65}},"17":{"start":{"line":28,"column":8},"end":{"line":28,"column":18}},"18":{"start":{"line":33,"column":21},"end":{"line":44,"column":1}},"19":{"start":{"line":35,"column":4},"end":{"line":35,"column":48}},"20":{"start":{"line":35,"column":37},"end":{"line":35,"column":48}},"21":{"start":{"line":37,"column":19},"end":{"line":37,"column":32}},"22":{"start":{"line":39,"column":24},"end":{"line":39,"column":57}},"23":{"start":{"line":43,"column":4},"end":{"line":43,"column":29}},"24":{"start":{"line":47,"column":20},"end":{"line":59,"column":1}},"25":{"start":{"line":48,"column":4},"end":{"line":58,"column":19}},"26":{"start":{"line":61,"column":18},"end":{"line":73,"column":1}},"27":{"start":{"line":62,"column":4},"end":{"line":72,"column":19}},"28":{"start":{"line":75,"column":17},"end":{"line":87,"column":1}},"29":{"start":{"line":76,"column":4},"end":{"line":86,"column":19}},"30":{"start":{"line":90,"column":34},"end":{"line":92,"column":1}},"31":{"start":{"line":91,"column":4},"end":{"line":91,"column":39}},"32":{"start":{"line":94,"column":30},"end":{"line":96,"column":1}},"33":{"start":{"line":95,"column":4},"end":{"line":95,"column":22}},"34":{"start":{"line":99,"column":22},"end":{"line":105,"column":1}},"35":{"start":{"line":100,"column":4},"end":{"line":100,"column":42}},"36":{"start":{"line":102,"column":4},"end":{"line":104,"column":5}},"37":{"start":{"line":103,"column":8},"end":{"line":103,"column":35}},"38":{"start":{"line":107,"column":20},"end":{"line":115,"column":1}},"39":{"start":{"line":108,"column":4},"end":{"line":108,"column":27}},"40":{"start":{"line":108,"column":20},"end":{"line":108,"column":27}},"41":{"start":{"line":110,"column":4},"end":{"line":110,"column":39}},"42":{"start":{"line":112,"column":4},"end":{"line":114,"column":5}},"43":{"start":{"line":113,"column":8},"end":{"line":113,"column":33}},"44":{"start":{"line":117,"column":22},"end":{"line":129,"column":1}},"45":{"start":{"line":118,"column":18},"end":{"line":118,"column":20}},"46":{"start":{"line":119,"column":24},"end":{"line":119,"column":38}},"47":{"start":{"line":123,"column":4},"end":{"line":126,"column":5}},"48":{"start":{"line":123,"column":16},"end":{"line":123,"column":17}},"49":{"start":{"line":124,"column":22},"end":{"line":124,"column":61}},"50":{"start":{"line":125,"column":8},"end":{"line":125,"column":25}},"51":{"start":{"line":128,"column":4},"end":{"line":128,"column":19}},"52":{"start":{"line":131,"column":31},"end":{"line":147,"column":1}},"53":{"start":{"line":132,"column":4},"end":{"line":132,"column":48}},"54":{"start":{"line":132,"column":38},"end":{"line":132,"column":48}},"55":{"start":{"line":134,"column":31},"end":{"line":134,"column":33}},"56":{"start":{"line":136,"column":4},"end":{"line":144,"column":5}},"57":{"start":{"line":136,"column":16},"end":{"line":136,"column":17}},"58":{"start":{"line":137,"column":27},"end":{"line":137,"column":46}},"59":{"start":{"line":139,"column":8},"end":{"line":143,"column":9}},"60":{"start":{"line":140,"column":12},"end":{"line":140,"column":45}},"61":{"start":{"line":142,"column":12},"end":{"line":142,"column":47}},"62":{"start":{"line":146,"column":4},"end":{"line":146,"column":30}},"63":{"start":{"line":149,"column":22},"end":{"line":193,"column":1}},"64":{"start":{"line":151,"column":4},"end":{"line":167,"column":5}},"65":{"start":{"line":151,"column":16},"end":{"line":151,"column":17}},"66":{"start":{"line":152,"column":29},"end":{"line":152,"column":39}},"67":{"start":{"line":153,"column":29},"end":{"line":153,"column":49}},"68":{"start":{"line":155,"column":8},"end":{"line":166,"column":9}},"69":{"start":{"line":156,"column":12},"end":{"line":156,"column":68}},"70":{"start":{"line":158,"column":12},"end":{"line":158,"column":47}},"71":{"start":{"line":160,"column":12},"end":{"line":164,"column":13}},"72":{"start":{"line":161,"column":16},"end":{"line":161,"column":76}},"73":{"start":{"line":162,"column":16},"end":{"line":162,"column":75}},"74":{"start":{"line":163,"column":16},"end":{"line":163,"column":74}},"75":{"start":{"line":170,"column":4},"end":{"line":192,"column":5}},"76":{"start":{"line":170,"column":16},"end":{"line":170,"column":17}},"77":{"start":{"line":171,"column":29},"end":{"line":171,"column":39}},"78":{"start":{"line":172,"column":29},"end":{"line":172,"column":49}},"79":{"start":{"line":174,"column":8},"end":{"line":174,"column":58}},"80":{"start":{"line":174,"column":49},"end":{"line":174,"column":58}},"81":{"start":{"line":176,"column":7},"end":{"line":191,"column":9}},"82":{"start":{"line":177,"column":12},"end":{"line":177,"column":67}},"83":{"start":{"line":179,"column":12},"end":{"line":179,"column":47}},"84":{"start":{"line":181,"column":12},"end":{"line":183,"column":13}},"85":{"start":{"line":182,"column":16},"end":{"line":182,"column":73}},"86":{"start":{"line":186,"column":12},"end":{"line":186,"column":66}},"87":{"start":{"line":188,"column":12},"end":{"line":190,"column":13}},"88":{"start":{"line":189,"column":16},"end":{"line":189,"column":72}},"89":{"start":{"line":197,"column":24},"end":{"line":245,"column":1}},"90":{"start":{"line":198,"column":64},"end":{"line":198,"column":70}},"91":{"start":{"line":199,"column":23},"end":{"line":199,"column":31}},"92":{"start":{"line":201,"column":4},"end":{"line":201,"column":43}},"93":{"start":{"line":201,"column":29},"end":{"line":201,"column":43}},"94":{"start":{"line":203,"column":4},"end":{"line":243,"column":5}},"95":{"start":{"line":204,"column":8},"end":{"line":210,"column":9}},"96":{"start":{"line":205,"column":37},"end":{"line":205,"column":66}},"97":{"start":{"line":206,"column":12},"end":{"line":206,"column":81}},"98":{"start":{"line":207,"column":12},"end":{"line":207,"column":25}},"99":{"start":{"line":209,"column":12},"end":{"line":209,"column":67}},"100":{"start":{"line":211,"column":10},"end":{"line":243,"column":5}},"101":{"start":{"line":212,"column":8},"end":{"line":218,"column":9}},"102":{"start":{"line":213,"column":12},"end":{"line":213,"column":25}},"103":{"start":{"line":214,"column":37},"end":{"line":214,"column":66}},"104":{"start":{"line":215,"column":12},"end":{"line":215,"column":79}},"105":{"start":{"line":217,"column":12},"end":{"line":217,"column":58}},"106":{"start":{"line":219,"column":10},"end":{"line":243,"column":5}},"107":{"start":{"line":220,"column":8},"end":{"line":240,"column":9}},"108":{"start":{"line":221,"column":34},"end":{"line":221,"column":69}},"109":{"start":{"line":222,"column":27},"end":{"line":222,"column":63}},"110":{"start":{"line":224,"column":12},"end":{"line":224,"column":97}},"111":{"start":{"line":226,"column":12},"end":{"line":237,"column":13}},"112":{"start":{"line":227,"column":16},"end":{"line":227,"column":60}},"113":{"start":{"line":228,"column":16},"end":{"line":228,"column":37}},"114":{"start":{"line":230,"column":16},"end":{"line":230,"column":29}},"115":{"start":{"line":231,"column":16},"end":{"line":231,"column":31}},"116":{"start":{"line":233,"column":16},"end":{"line":236,"column":17}},"117":{"start":{"line":234,"column":20},"end":{"line":234,"column":78}},"118":{"start":{"line":235,"column":20},"end":{"line":235,"column":41}},"119":{"start":{"line":239,"column":12},"end":{"line":239,"column":53}},"120":{"start":{"line":242,"column":8},"end":{"line":242,"column":45}},"121":{"start":{"line":244,"column":4},"end":{"line":244,"column":65}},"122":{"start":{"line":247,"column":13},"end":{"line":291,"column":1}},"123":{"start":{"line":248,"column":18},"end":{"line":248,"column":35}},"124":{"start":{"line":250,"column":22},"end":{"line":256,"column":5}},"125":{"start":{"line":258,"column":18},"end":{"line":258,"column":20}},"126":{"start":{"line":260,"column":22},"end":{"line":260,"column":35}},"127":{"start":{"line":262,"column":21},"end":{"line":262,"column":40}},"128":{"start":{"line":263,"column":21},"end":{"line":263,"column":41}},"129":{"start":{"line":265,"column":4},"end":{"line":265,"column":55}},"130":{"start":{"line":266,"column":4},"end":{"line":266,"column":53}},"131":{"start":{"line":267,"column":4},"end":{"line":267,"column":62}},"132":{"start":{"line":272,"column":8},"end":{"line":276,"column":9}},"133":{"start":{"line":273,"column":26},"end":{"line":273,"column":55}},"134":{"start":{"line":274,"column":27},"end":{"line":274,"column":71}},"135":{"start":{"line":275,"column":12},"end":{"line":275,"column":92}},"136":{"start":{"line":278,"column":8},"end":{"line":284,"column":9}},"137":{"start":{"line":279,"column":12},"end":{"line":279,"column":43}},"138":{"start":{"line":279,"column":36},"end":{"line":279,"column":43}},"139":{"start":{"line":281,"column":26},"end":{"line":281,"column":64}},"140":{"start":{"line":282,"column":27},"end":{"line":282,"column":39}},"141":{"start":{"line":283,"column":12},"end":{"line":283,"column":91}},"142":{"start":{"line":286,"column":8},"end":{"line":289,"column":9}},"143":{"start":{"line":287,"column":12},"end":{"line":287,"column":61}},"144":{"start":{"line":288,"column":12},"end":{"line":288,"column":63}},"145":{"start":{"line":294,"column":0},"end":{"line":301,"column":1}},"146":{"start":{"line":295,"column":4},"end":{"line":298,"column":6}},"147":{"start":{"line":300,"column":4},"end":{"line":300,"column":11}}},"fnMap":{"0":{"name":"(anonymous_0)","decl":{"start":{"line":9,"column":20},"end":{"line":9,"column":21}},"loc":{"start":{"line":9,"column":27},"end":{"line":14,"column":1}},"line":9},"1":{"name":"(anonymous_1)","decl":{"start":{"line":17,"column":18},"end":{"line":17,"column":19}},"loc":{"start":{"line":17,"column":30},"end":{"line":30,"column":1}},"line":17},"2":{"name":"(anonymous_2)","decl":{"start":{"line":33,"column":21},"end":{"line":33,"column":22}},"loc":{"start":{"line":33,"column":32},"end":{"line":44,"column":1}},"line":33},"3":{"name":"(anonymous_3)","decl":{"start":{"line":47,"column":20},"end":{"line":47,"column":21}},"loc":{"start":{"line":47,"column":29},"end":{"line":59,"column":1}},"line":47},"4":{"name":"(anonymous_4)","decl":{"start":{"line":61,"column":18},"end":{"line":61,"column":19}},"loc":{"start":{"line":61,"column":27},"end":{"line":73,"column":1}},"line":61},"5":{"name":"(anonymous_5)","decl":{"start":{"line":75,"column":17},"end":{"line":75,"column":18}},"loc":{"start":{"line":75,"column":26},"end":{"line":87,"column":1}},"line":75},"6":{"name":"(anonymous_6)","decl":{"start":{"line":90,"column":34},"end":{"line":90,"column":35}},"loc":{"start":{"line":90,"column":49},"end":{"line":92,"column":1}},"line":90},"7":{"name":"(anonymous_7)","decl":{"start":{"line":94,"column":30},"end":{"line":94,"column":31}},"loc":{"start":{"line":94,"column":36},"end":{"line":96,"column":1}},"line":94},"8":{"name":"(anonymous_8)","decl":{"start":{"line":99,"column":22},"end":{"line":99,"column":23}},"loc":{"start":{"line":99,"column":72},"end":{"line":105,"column":1}},"line":99},"9":{"name":"(anonymous_9)","decl":{"start":{"line":107,"column":20},"end":{"line":107,"column":21}},"loc":{"start":{"line":107,"column":70},"end":{"line":115,"column":1}},"line":107},"10":{"name":"(anonymous_10)","decl":{"start":{"line":117,"column":22},"end":{"line":117,"column":23}},"loc":{"start":{"line":117,"column":48},"end":{"line":129,"column":1}},"line":117},"11":{"name":"(anonymous_11)","decl":{"start":{"line":131,"column":31},"end":{"line":131,"column":32}},"loc":{"start":{"line":131,"column":53},"end":{"line":147,"column":1}},"line":131},"12":{"name":"(anonymous_12)","decl":{"start":{"line":149,"column":22},"end":{"line":149,"column":23}},"loc":{"start":{"line":149,"column":107},"end":{"line":193,"column":1}},"line":149},"13":{"name":"(anonymous_13)","decl":{"start":{"line":197,"column":24},"end":{"line":197,"column":25}},"loc":{"start":{"line":197,"column":73},"end":{"line":245,"column":1}},"line":197},"14":{"name":"(anonymous_14)","decl":{"start":{"line":247,"column":13},"end":{"line":247,"column":14}},"loc":{"start":{"line":247,"column":25},"end":{"line":291,"column":1}},"line":247},"15":{"name":"handleAction","decl":{"start":{"line":270,"column":13},"end":{"line":270,"column":25}},"loc":{"start":{"line":270,"column":33},"end":{"line":290,"column":5}},"line":270}},"branchMap":{"0":{"loc":{"start":{"line":21,"column":8},"end":{"line":21,"column":70}},"type":"if","locations":[{"start":{"line":21,"column":8},"end":{"line":21,"column":70}},{"start":{},"end":{}}],"line":21},"1":{"loc":{"start":{"line":35,"column":4},"end":{"line":35,"column":48}},"type":"if","locations":[{"start":{"line":35,"column":4},"end":{"line":35,"column":48}},{"start":{},"end":{}}],"line":35},"2":{"loc":{"start":{"line":35,"column":7},"end":{"line":35,"column":35}},"type":"binary-expr","locations":[{"start":{"line":35,"column":7},"end":{"line":35,"column":13}},{"start":{"line":35,"column":17},"end":{"line":35,"column":35}}],"line":35},"3":{"loc":{"start":{"line":102,"column":4},"end":{"line":104,"column":5}},"type":"if","locations":[{"start":{"line":102,"column":4},"end":{"line":104,"column":5}},{"start":{},"end":{}}],"line":102},"4":{"loc":{"start":{"line":108,"column":4},"end":{"line":108,"column":27}},"type":"if","locations":[{"start":{"line":108,"column":4},"end":{"line":108,"column":27}},{"start":{},"end":{}}],"line":108},"5":{"loc":{"start":{"line":112,"column":4},"end":{"line":114,"column":5}},"type":"if","locations":[{"start":{"line":112,"column":4},"end":{"line":114,"column":5}},{"start":{},"end":{}}],"line":112},"6":{"loc":{"start":{"line":132,"column":4},"end":{"line":132,"column":48}},"type":"if","locations":[{"start":{"line":132,"column":4},"end":{"line":132,"column":48}},{"start":{},"end":{}}],"line":132},"7":{"loc":{"start":{"line":139,"column":8},"end":{"line":143,"column":9}},"type":"if","locations":[{"start":{"line":139,"column":8},"end":{"line":143,"column":9}},{"start":{"line":141,"column":13},"end":{"line":143,"column":9}}],"line":139},"8":{"loc":{"start":{"line":155,"column":8},"end":{"line":166,"column":9}},"type":"if","locations":[{"start":{"line":155,"column":8},"end":{"line":166,"column":9}},{"start":{},"end":{}}],"line":155},"9":{"loc":{"start":{"line":160,"column":12},"end":{"line":164,"column":13}},"type":"if","locations":[{"start":{"line":160,"column":12},"end":{"line":164,"column":13}},{"start":{},"end":{}}],"line":160},"10":{"loc":{"start":{"line":174,"column":8},"end":{"line":174,"column":58}},"type":"if","locations":[{"start":{"line":174,"column":8},"end":{"line":174,"column":58}},{"start":{},"end":{}}],"line":174},"11":{"loc":{"start":{"line":176,"column":7},"end":{"line":191,"column":9}},"type":"if","locations":[{"start":{"line":176,"column":7},"end":{"line":191,"column":9}},{"start":{"line":185,"column":13},"end":{"line":191,"column":9}}],"line":176},"12":{"loc":{"start":{"line":176,"column":10},"end":{"line":176,"column":96}},"type":"binary-expr","locations":[{"start":{"line":176,"column":10},"end":{"line":176,"column":56}},{"start":{"line":176,"column":60},"end":{"line":176,"column":96}}],"line":176},"13":{"loc":{"start":{"line":181,"column":12},"end":{"line":183,"column":13}},"type":"if","locations":[{"start":{"line":181,"column":12},"end":{"line":183,"column":13}},{"start":{},"end":{}}],"line":181},"14":{"loc":{"start":{"line":181,"column":15},"end":{"line":181,"column":106}},"type":"binary-expr","locations":[{"start":{"line":181,"column":15},"end":{"line":181,"column":39}},{"start":{"line":181,"column":43},"end":{"line":181,"column":106}}],"line":181},"15":{"loc":{"start":{"line":188,"column":12},"end":{"line":190,"column":13}},"type":"if","locations":[{"start":{"line":188,"column":12},"end":{"line":190,"column":13}},{"start":{},"end":{}}],"line":188},"16":{"loc":{"start":{"line":188,"column":15},"end":{"line":188,"column":106}},"type":"binary-expr","locations":[{"start":{"line":188,"column":15},"end":{"line":188,"column":39}},{"start":{"line":188,"column":43},"end":{"line":188,"column":106}}],"line":188},"17":{"loc":{"start":{"line":201,"column":4},"end":{"line":201,"column":43}},"type":"if","locations":[{"start":{"line":201,"column":4},"end":{"line":201,"column":43}},{"start":{},"end":{}}],"line":201},"18":{"loc":{"start":{"line":203,"column":4},"end":{"line":243,"column":5}},"type":"if","locations":[{"start":{"line":203,"column":4},"end":{"line":243,"column":5}},{"start":{"line":211,"column":10},"end":{"line":243,"column":5}}],"line":203},"19":{"loc":{"start":{"line":203,"column":7},"end":{"line":203,"column":57}},"type":"binary-expr","locations":[{"start":{"line":203,"column":7},"end":{"line":203,"column":25}},{"start":{"line":203,"column":29},"end":{"line":203,"column":41}},{"start":{"line":203,"column":45},"end":{"line":203,"column":57}}],"line":203},"20":{"loc":{"start":{"line":204,"column":8},"end":{"line":210,"column":9}},"type":"if","locations":[{"start":{"line":204,"column":8},"end":{"line":210,"column":9}},{"start":{"line":208,"column":13},"end":{"line":210,"column":9}}],"line":204},"21":{"loc":{"start":{"line":211,"column":10},"end":{"line":243,"column":5}},"type":"if","locations":[{"start":{"line":211,"column":10},"end":{"line":243,"column":5}},{"start":{"line":219,"column":10},"end":{"line":243,"column":5}}],"line":211},"22":{"loc":{"start":{"line":212,"column":8},"end":{"line":218,"column":9}},"type":"if","locations":[{"start":{"line":212,"column":8},"end":{"line":218,"column":9}},{"start":{"line":216,"column":13},"end":{"line":218,"column":9}}],"line":212},"23":{"loc":{"start":{"line":219,"column":10},"end":{"line":243,"column":5}},"type":"if","locations":[{"start":{"line":219,"column":10},"end":{"line":243,"column":5}},{"start":{"line":241,"column":9},"end":{"line":243,"column":5}}],"line":219},"24":{"loc":{"start":{"line":220,"column":8},"end":{"line":240,"column":9}},"type":"if","locations":[{"start":{"line":220,"column":8},"end":{"line":240,"column":9}},{"start":{"line":238,"column":13},"end":{"line":240,"column":9}}],"line":220},"25":{"loc":{"start":{"line":226,"column":12},"end":{"line":237,"column":13}},"type":"if","locations":[{"start":{"line":226,"column":12},"end":{"line":237,"column":13}},{"start":{"line":229,"column":17},"end":{"line":237,"column":13}}],"line":226},"26":{"loc":{"start":{"line":233,"column":16},"end":{"line":236,"column":17}},"type":"if","locations":[{"start":{"line":233,"column":16},"end":{"line":236,"column":17}},{"start":{},"end":{}}],"line":233},"27":{"loc":{"start":{"line":272,"column":8},"end":{"line":276,"column":9}},"type":"if","locations":[{"start":{"line":272,"column":8},"end":{"line":276,"column":9}},{"start":{},"end":{}}],"line":272},"28":{"loc":{"start":{"line":278,"column":8},"end":{"line":284,"column":9}},"type":"if","locations":[{"start":{"line":278,"column":8},"end":{"line":284,"column":9}},{"start":{},"end":{}}],"line":278},"29":{"loc":{"start":{"line":279,"column":12},"end":{"line":279,"column":43}},"type":"if","locations":[{"start":{"line":279,"column":12},"end":{"line":279,"column":43}},{"start":{},"end":{}}],"line":279},"30":{"loc":{"start":{"line":286,"column":8},"end":{"line":289,"column":9}},"type":"if","locations":[{"start":{"line":286,"column":8},"end":{"line":289,"column":9}},{"start":{},"end":{}}],"line":286},"31":{"loc":{"start":{"line":286,"column":11},"end":{"line":286,"column":65}},"type":"binary-expr","locations":[{"start":{"line":286,"column":11},"end":{"line":286,"column":36}},{"start":{"line":286,"column":40},"end":{"line":286,"column":65}}],"line":286},"32":{"loc":{"start":{"line":294,"column":0},"end":{"line":301,"column":1}},"type":"if","locations":[{"start":{"line":294,"column":0},"end":{"line":301,"column":1}},{"start":{"line":299,"column":5},"end":{"line":301,"column":1}}],"line":294},"33":{"loc":{"start":{"line":294,"column":4},"end":{"line":294,"column":51}},"type":"binary-expr","locations":[{"start":{"line":294,"column":4},"end":{"line":294,"column":33}},{"start":{"line":294,"column":37},"end":{"line":294,"column":51}}],"line":294}},"s":{"0":14,"1":14,"2":14,"3":14,"4":14,"5":14,"6":14,"7":14,"8":0,"9":14,"10":1,"11":1,"12":1,"13":0,"14":1,"15":1,"16":0,"17":0,"18":14,"19":6,"20":1,"21":5,"22":5,"23":5,"24":14,"25":3,"26":14,"27":3,"28":14,"29":5,"30":14,"31":0,"32":14,"33":0,"34":14,"35":18,"36":18,"37":1,"38":14,"39":3,"40":1,"41":2,"42":2,"43":1,"44":14,"45":2,"46":2,"47":2,"48":2,"49":10,"50":10,"51":2,"52":14,"53":5,"54":1,"55":4,"56":4,"57":4,"58":20,"59":20,"60":3,"61":17,"62":4,"63":14,"64":12,"65":12,"66":60,"67":60,"68":60,"69":15,"70":15,"71":15,"72":5,"73":5,"74":5,"75":12,"76":12,"77":60,"78":60,"79":60,"80":15,"81":45,"82":9,"83":9,"84":9,"85":3,"86":36,"87":36,"88":6,"89":14,"90":5,"91":5,"92":5,"93":0,"94":5,"95":3,"96":3,"97":3,"98":3,"99":0,"100":2,"101":0,"102":0,"103":0,"104":0,"105":0,"106":2,"107":2,"108":2,"109":2,"110":2,"111":2,"112":1,"113":1,"114":1,"115":1,"116":1,"117":1,"118":1,"119":0,"120":0,"121":5,"122":14,"123":0,"124":0,"125":0,"126":0,"127":0,"128":0,"129":0,"130":0,"131":0,"132":0,"133":0,"134":0,"135":0,"136":0,"137":0,"138":0,"139":0,"140":0,"141":0,"142":0,"143":0,"144":0,"145":14,"146":14,"147":0},"f":{"0":0,"1":1,"2":6,"3":3,"4":3,"5":5,"6":0,"7":0,"8":18,"9":3,"10":2,"11":5,"12":12,"13":5,"14":0,"15":0},"b":{"0":[0,1],"1":[1,5],"2":[6,6],"3":[1,17],"4":[1,2],"5":[1,1],"6":[1,4],"7":[3,17],"8":[15,45],"9":[5,10],"10":[15,45],"11":[9,36],"12":[45,15],"13":[3,6],"14":[9,4],"15":[6,30],"16":[36,6],"17":[0,5],"18":[3,2],"19":[5,3,3],"20":[3,0],"21":[0,2],"22":[0,0],"23":[2,0],"24":[2,0],"25":[1,1],"26":[1,0],"27":[0,0],"28":[0,0],"29":[0,0],"30":[0,0],"31":[0,0],"32":[14,0],"33":[14,14]},"_coverageSchema":"1a1c01bbd47fc00a2c39e90264f33305004495a9","hash":"6750557e604dda21a2d51ab43f1c1c1f67a6ae4c"}
}
