TN:
SF:resources\script\app.js
FN:9,(anonymous_0)
FN:17,(anonymous_1)
FN:33,(anonymous_2)
FN:47,(anonymous_3)
FN:61,(anonymous_4)
FN:75,(anonymous_5)
FN:90,(anonymous_6)
FN:94,(anonymous_7)
FN:99,(anonymous_8)
FN:107,(anonymous_9)
FN:117,(anonymous_10)
FN:131,(anonymous_11)
FN:149,(anonymous_12)
FN:197,(anonymous_13)
FN:247,(anonymous_14)
FN:270,handleAction
FNF:16
FNH:11
FNDA:0,(anonymous_0)
FNDA:1,(anonymous_1)
FNDA:6,(anonymous_2)
FNDA:3,(anonymous_3)
FNDA:3,(anonymous_4)
FNDA:5,(anonymous_5)
FNDA:0,(anonymous_6)
FNDA:0,(anonymous_7)
FNDA:18,(anonymous_8)
FNDA:3,(anonymous_9)
FNDA:2,(anonymous_10)
FNDA:5,(anonymous_11)
FNDA:12,(anonymous_12)
FNDA:5,(anonymous_13)
FNDA:0,(anonymous_14)
FNDA:0,handleAction
DA:1,14
DA:2,14
DA:3,14
DA:4,14
DA:5,14
DA:6,14
DA:7,14
DA:9,14
DA:17,14
DA:18,1
DA:19,1
DA:21,1
DA:23,1
DA:25,1
DA:27,0
DA:28,0
DA:33,14
DA:35,6
DA:37,5
DA:39,5
DA:43,5
DA:47,14
DA:48,3
DA:61,14
DA:62,3
DA:75,14
DA:76,5
DA:90,14
DA:91,0
DA:94,14
DA:95,0
DA:99,14
DA:100,18
DA:102,18
DA:103,1
DA:107,14
DA:108,3
DA:110,2
DA:112,2
DA:113,1
DA:117,14
DA:118,2
DA:119,2
DA:123,2
DA:124,10
DA:125,10
DA:128,2
DA:131,14
DA:132,5
DA:134,4
DA:136,4
DA:137,20
DA:139,20
DA:140,3
DA:142,17
DA:146,4
DA:149,14
DA:151,12
DA:152,60
DA:153,60
DA:155,60
DA:156,15
DA:158,15
DA:160,15
DA:161,5
DA:162,5
DA:163,5
DA:170,12
DA:171,60
DA:172,60
DA:174,60
DA:176,45
DA:177,9
DA:179,9
DA:181,9
DA:182,3
DA:186,36
DA:188,36
DA:189,6
DA:197,14
DA:198,5
DA:199,5
DA:201,5
DA:203,5
DA:204,3
DA:205,3
DA:206,3
DA:207,3
DA:209,0
DA:211,2
DA:212,0
DA:213,0
DA:214,0
DA:215,0
DA:217,0
DA:219,2
DA:220,2
DA:221,2
DA:222,2
DA:224,2
DA:226,2
DA:227,1
DA:228,1
DA:230,1
DA:231,1
DA:233,1
DA:234,1
DA:235,1
DA:239,0
DA:242,0
DA:244,5
DA:247,14
DA:248,0
DA:250,0
DA:258,0
DA:260,0
DA:262,0
DA:263,0
DA:265,0
DA:266,0
DA:267,0
DA:272,0
DA:273,0
DA:274,0
DA:275,0
DA:278,0
DA:279,0
DA:281,0
DA:282,0
DA:283,0
DA:286,0
DA:287,0
DA:288,0
DA:294,14
DA:295,14
DA:300,0
LF:136
LH:102
BRDA:21,0,0,0
BRDA:21,0,1,1
BRDA:35,1,0,1
BRDA:35,1,1,5
BRDA:35,2,0,6
BRDA:35,2,1,6
BRDA:102,3,0,1
BRDA:102,3,1,17
BRDA:108,4,0,1
BRDA:108,4,1,2
BRDA:112,5,0,1
BRDA:112,5,1,1
BRDA:132,6,0,1
BRDA:132,6,1,4
BRDA:139,7,0,3
BRDA:139,7,1,17
BRDA:155,8,0,15
BRDA:155,8,1,45
BRDA:160,9,0,5
BRDA:160,9,1,10
BRDA:174,10,0,15
BRDA:174,10,1,45
BRDA:176,11,0,9
BRDA:176,11,1,36
BRDA:176,12,0,45
BRDA:176,12,1,15
BRDA:181,13,0,3
BRDA:181,13,1,6
BRDA:181,14,0,9
BRDA:181,14,1,4
BRDA:188,15,0,6
BRDA:188,15,1,30
BRDA:188,16,0,36
BRDA:188,16,1,6
BRDA:201,17,0,0
BRDA:201,17,1,5
BRDA:203,18,0,3
BRDA:203,18,1,2
BRDA:203,19,0,5
BRDA:203,19,1,3
BRDA:203,19,2,3
BRDA:204,20,0,3
BRDA:204,20,1,0
BRDA:211,21,0,0
BRDA:211,21,1,2
BRDA:212,22,0,0
BRDA:212,22,1,0
BRDA:219,23,0,2
BRDA:219,23,1,0
BRDA:220,24,0,2
BRDA:220,24,1,0
BRDA:226,25,0,1
BRDA:226,25,1,1
BRDA:233,26,0,1
BRDA:233,26,1,0
BRDA:272,27,0,0
BRDA:272,27,1,0
BRDA:278,28,0,0
BRDA:278,28,1,0
BRDA:279,29,0,0
BRDA:279,29,1,0
BRDA:286,30,0,0
BRDA:286,30,1,0
BRDA:286,31,0,0
BRDA:286,31,1,0
BRDA:294,32,0,14
BRDA:294,32,1,0
BRDA:294,33,0,14
BRDA:294,33,1,14
BRF:69
BRH:49
end_of_record
